<?xml version="1.0" encoding="utf-8"?><testsuites name="pytest tests"><testsuite name="pytest" errors="0" failures="0" skipped="0" tests="23" time="12.749" timestamp="2026-02-20T17:53:53.068923+00:00" hostname="agent-env-f517e881-4467-4231-b10e-b6c23e3438f4"><testcase classname="backend.tests.test_api.TestHealthCheck" name="test_health_check" time="0.165" /><testcase classname="backend.tests.test_api.TestHealthCheck" name="test_root_endpoint" time="0.183" /><testcase classname="backend.tests.test_api.TestAdminAuth" name="test_admin_login_success" time="0.427" /><testcase classname="backend.tests.test_api.TestAdminAuth" name="test_admin_login_wrong_password" time="0.410" /><testcase classname="backend.tests.test_api.TestAdminAuth" name="test_admin_login_wrong_email" time="0.199" /><testcase classname="backend.tests.test_api.TestClientAuth" name="test_client_login_success" time="0.388" /><testcase classname="backend.tests.test_api.TestClientAuth" name="test_client_login_wrong_password" time="0.388" /><testcase classname="backend.tests.test_api.TestAdminDashboard" name="test_get_dashboard_stats" time="0.689" /><testcase classname="backend.tests.test_api.TestAdminDashboard" name="test_get_companies" time="0.521" /><testcase classname="backend.tests.test_api.TestAdminDashboard" name="test_get_users" time="0.547" /><testcase classname="backend.tests.test_api.TestAdminDashboard" name="test_get_reports" time="0.507" /><testcase classname="backend.tests.test_api.TestAdminDashboard" name="test_get_activity_logs" time="0.528" /><testcase classname="backend.tests.test_api.TestAdminCompanyManagement" name="test_create_company" time="0.657" /><testcase classname="backend.tests.test_api.TestAdminCompanyManagement" name="test_create_duplicate_company_fails" time="0.603" /><testcase classname="backend.tests.test_api.TestAdminUserManagement" name="test_create_user" time="1.027" /><testcase classname="backend.tests.test_api.TestAdminUserManagement" name="test_create_duplicate_user_fails" time="0.659" /><testcase classname="backend.tests.test_api.TestAdminAccessControl" name="test_admin_endpoints_require_auth" time="0.735" /><testcase classname="backend.tests.test_api.TestAdminAccessControl" name="test_client_cannot_access_admin_endpoints" time="0.898" /><testcase classname="backend.tests.test_api.TestClientPortal" name="test_get_client_reports" time="0.574" /><testcase classname="backend.tests.test_api.TestClientPortal" name="test_get_company_info" time="0.604" /><testcase classname="backend.tests.test_api.TestLogout" name="test_logout_success" time="0.573" /><testcase classname="backend.tests.test_api.TestCurrentUser" name="test_get_current_user_admin" time="0.772" /><testcase classname="backend.tests.test_api.TestCurrentUser" name="test_get_current_user_client" time="0.563" /></testsuite></testsuites>